mode: set
github.com/harsh-jagtap-josh/RozgarLink/internal/app/worker/handler.go:17.86,18.54 1 1
github.com/harsh-jagtap-josh/RozgarLink/internal/app/worker/handler.go:18.54,23.21 3 1
github.com/harsh-jagtap-josh/RozgarLink/internal/app/worker/handler.go:23.21,25.4 1 1
github.com/harsh-jagtap-josh/RozgarLink/internal/app/worker/handler.go:27.3,28.17 2 1
github.com/harsh-jagtap-josh/RozgarLink/internal/app/worker/handler.go:28.17,29.51 1 1
github.com/harsh-jagtap-josh/RozgarLink/internal/app/worker/handler.go:29.51,34.5 4 1
github.com/harsh-jagtap-josh/RozgarLink/internal/app/worker/handler.go:36.4,39.10 4 1
github.com/harsh-jagtap-josh/RozgarLink/internal/app/worker/handler.go:42.3,42.109 1 1
github.com/harsh-jagtap-josh/RozgarLink/internal/app/worker/handler.go:46.87,47.54 1 1
github.com/harsh-jagtap-josh/RozgarLink/internal/app/worker/handler.go:47.54,52.21 4 1
github.com/harsh-jagtap-josh/RozgarLink/internal/app/worker/handler.go:52.21,54.4 1 1
github.com/harsh-jagtap-josh/RozgarLink/internal/app/worker/handler.go:56.3,57.17 2 1
github.com/harsh-jagtap-josh/RozgarLink/internal/app/worker/handler.go:57.17,62.4 4 1
github.com/harsh-jagtap-josh/RozgarLink/internal/app/worker/handler.go:64.3,67.17 3 1
github.com/harsh-jagtap-josh/RozgarLink/internal/app/worker/handler.go:67.17,68.55 1 1
github.com/harsh-jagtap-josh/RozgarLink/internal/app/worker/handler.go:68.55,73.5 4 1
github.com/harsh-jagtap-josh/RozgarLink/internal/app/worker/handler.go:75.4,77.10 3 1
github.com/harsh-jagtap-josh/RozgarLink/internal/app/worker/handler.go:80.3,80.107 1 1
github.com/harsh-jagtap-josh/RozgarLink/internal/app/worker/handler.go:84.87,85.54 1 1
github.com/harsh-jagtap-josh/RozgarLink/internal/app/worker/handler.go:85.54,89.21 3 1
github.com/harsh-jagtap-josh/RozgarLink/internal/app/worker/handler.go:89.21,91.4 1 1
github.com/harsh-jagtap-josh/RozgarLink/internal/app/worker/handler.go:93.3,94.17 2 1
github.com/harsh-jagtap-josh/RozgarLink/internal/app/worker/handler.go:94.17,95.51 1 1
github.com/harsh-jagtap-josh/RozgarLink/internal/app/worker/handler.go:95.51,100.5 4 1
github.com/harsh-jagtap-josh/RozgarLink/internal/app/worker/handler.go:102.4,105.10 4 1
github.com/harsh-jagtap-josh/RozgarLink/internal/app/worker/handler.go:108.3,108.38 1 1
github.com/harsh-jagtap-josh/RozgarLink/internal/app/worker/handler.go:112.98,113.54 1 1
github.com/harsh-jagtap-josh/RozgarLink/internal/app/worker/handler.go:113.54,117.21 3 1
github.com/harsh-jagtap-josh/RozgarLink/internal/app/worker/handler.go:117.21,119.4 1 1
github.com/harsh-jagtap-josh/RozgarLink/internal/app/worker/handler.go:121.3,122.17 2 1
github.com/harsh-jagtap-josh/RozgarLink/internal/app/worker/handler.go:122.17,123.51 1 1
github.com/harsh-jagtap-josh/RozgarLink/internal/app/worker/handler.go:123.51,128.5 4 1
github.com/harsh-jagtap-josh/RozgarLink/internal/app/worker/handler.go:130.4,132.10 3 1
github.com/harsh-jagtap-josh/RozgarLink/internal/app/worker/handler.go:134.3,134.117 1 1
github.com/harsh-jagtap-josh/RozgarLink/internal/app/worker/handler.go:138.112,143.16 4 1
github.com/harsh-jagtap-josh/RozgarLink/internal/app/worker/handler.go:143.16,148.3 4 1
github.com/harsh-jagtap-josh/RozgarLink/internal/app/worker/handler.go:150.2,150.21 1 1
github.com/harsh-jagtap-josh/RozgarLink/internal/app/worker/handler.go:153.79,154.54 1 1
github.com/harsh-jagtap-josh/RozgarLink/internal/app/worker/handler.go:154.54,158.17 3 1
github.com/harsh-jagtap-josh/RozgarLink/internal/app/worker/handler.go:158.17,161.4 2 1
github.com/harsh-jagtap-josh/RozgarLink/internal/app/worker/handler.go:163.3,163.104 1 1
github.com/harsh-jagtap-josh/RozgarLink/internal/app/worker/helper.go:5.60,28.2 1 1
github.com/harsh-jagtap-josh/RozgarLink/internal/app/worker/helper.go:30.56,52.2 1 1
github.com/harsh-jagtap-josh/RozgarLink/internal/app/worker/service.go:26.55,30.2 1 1
github.com/harsh-jagtap-josh/RozgarLink/internal/app/worker/service.go:32.87,35.16 2 1
github.com/harsh-jagtap-josh/RozgarLink/internal/app/worker/service.go:35.16,37.3 1 1
github.com/harsh-jagtap-josh/RozgarLink/internal/app/worker/service.go:39.2,40.23 2 1
github.com/harsh-jagtap-josh/RozgarLink/internal/app/worker/service.go:43.89,47.16 2 1
github.com/harsh-jagtap-josh/RozgarLink/internal/app/worker/service.go:47.16,49.3 1 1
github.com/harsh-jagtap-josh/RozgarLink/internal/app/worker/service.go:51.2,52.19 2 1
github.com/harsh-jagtap-josh/RozgarLink/internal/app/worker/service.go:52.19,54.3 1 1
github.com/harsh-jagtap-josh/RozgarLink/internal/app/worker/service.go:56.2,57.16 2 0
github.com/harsh-jagtap-josh/RozgarLink/internal/app/worker/service.go:57.16,59.3 1 0
github.com/harsh-jagtap-josh/RozgarLink/internal/app/worker/service.go:61.2,65.16 4 0
github.com/harsh-jagtap-josh/RozgarLink/internal/app/worker/service.go:65.16,67.3 1 0
github.com/harsh-jagtap-josh/RozgarLink/internal/app/worker/service.go:69.2,70.30 2 0
github.com/harsh-jagtap-josh/RozgarLink/internal/app/worker/service.go:73.93,77.16 2 1
github.com/harsh-jagtap-josh/RozgarLink/internal/app/worker/service.go:77.16,79.3 1 1
github.com/harsh-jagtap-josh/RozgarLink/internal/app/worker/service.go:81.2,84.16 3 1
github.com/harsh-jagtap-josh/RozgarLink/internal/app/worker/service.go:84.16,86.3 1 1
github.com/harsh-jagtap-josh/RozgarLink/internal/app/worker/service.go:88.2,89.30 2 1
github.com/harsh-jagtap-josh/RozgarLink/internal/app/worker/service.go:92.85,94.19 2 1
github.com/harsh-jagtap-josh/RozgarLink/internal/app/worker/service.go:94.19,96.3 1 1
github.com/harsh-jagtap-josh/RozgarLink/internal/app/worker/service.go:98.2,99.16 2 1
github.com/harsh-jagtap-josh/RozgarLink/internal/app/worker/service.go:99.16,101.3 1 1
github.com/harsh-jagtap-josh/RozgarLink/internal/app/worker/service.go:102.2,102.16 1 1
github.com/harsh-jagtap-josh/RozgarLink/internal/app/worker/service.go:105.126,107.19 2 1
github.com/harsh-jagtap-josh/RozgarLink/internal/app/worker/service.go:107.19,109.3 1 1
github.com/harsh-jagtap-josh/RozgarLink/internal/app/worker/service.go:111.2,112.16 2 1
github.com/harsh-jagtap-josh/RozgarLink/internal/app/worker/service.go:112.16,114.3 1 1
github.com/harsh-jagtap-josh/RozgarLink/internal/app/worker/service.go:116.2,117.36 2 1
github.com/harsh-jagtap-josh/RozgarLink/internal/app/worker/service.go:117.36,119.3 1 1
github.com/harsh-jagtap-josh/RozgarLink/internal/app/worker/service.go:121.2,121.33 1 1
github.com/harsh-jagtap-josh/RozgarLink/internal/app/worker/service.go:124.75,126.16 2 1
github.com/harsh-jagtap-josh/RozgarLink/internal/app/worker/service.go:126.16,128.3 1 1
github.com/harsh-jagtap-josh/RozgarLink/internal/app/worker/service.go:130.2,131.33 2 1
github.com/harsh-jagtap-josh/RozgarLink/internal/app/worker/service.go:131.33,133.3 1 1
github.com/harsh-jagtap-josh/RozgarLink/internal/app/worker/service.go:134.2,134.28 1 1
