mode: set
github.com/harsh-jagtap-josh/RozgarLink/internal/app/employer/handler.go:18.90,19.54 1 1
github.com/harsh-jagtap-josh/RozgarLink/internal/app/employer/handler.go:19.54,23.23 3 1
github.com/harsh-jagtap-josh/RozgarLink/internal/app/employer/handler.go:23.23,25.4 1 1
github.com/harsh-jagtap-josh/RozgarLink/internal/app/employer/handler.go:27.3,28.17 2 1
github.com/harsh-jagtap-josh/RozgarLink/internal/app/employer/handler.go:28.17,29.53 1 1
github.com/harsh-jagtap-josh/RozgarLink/internal/app/employer/handler.go:29.53,34.5 4 1
github.com/harsh-jagtap-josh/RozgarLink/internal/app/employer/handler.go:36.4,39.10 4 1
github.com/harsh-jagtap-josh/RozgarLink/internal/app/employer/handler.go:41.3,41.111 1 1
github.com/harsh-jagtap-josh/RozgarLink/internal/app/employer/handler.go:46.91,47.54 1 1
github.com/harsh-jagtap-josh/RozgarLink/internal/app/employer/handler.go:47.54,52.23 3 1
github.com/harsh-jagtap-josh/RozgarLink/internal/app/employer/handler.go:52.23,54.4 1 1
github.com/harsh-jagtap-josh/RozgarLink/internal/app/employer/handler.go:56.3,59.17 3 1
github.com/harsh-jagtap-josh/RozgarLink/internal/app/employer/handler.go:59.17,64.4 4 1
github.com/harsh-jagtap-josh/RozgarLink/internal/app/employer/handler.go:65.3,67.17 3 1
github.com/harsh-jagtap-josh/RozgarLink/internal/app/employer/handler.go:67.17,68.55 1 1
github.com/harsh-jagtap-josh/RozgarLink/internal/app/employer/handler.go:68.55,73.5 4 1
github.com/harsh-jagtap-josh/RozgarLink/internal/app/employer/handler.go:75.4,78.10 4 1
github.com/harsh-jagtap-josh/RozgarLink/internal/app/employer/handler.go:81.3,81.109 1 1
github.com/harsh-jagtap-josh/RozgarLink/internal/app/employer/handler.go:85.89,86.54 1 1
github.com/harsh-jagtap-josh/RozgarLink/internal/app/employer/handler.go:86.54,92.17 4 1
github.com/harsh-jagtap-josh/RozgarLink/internal/app/employer/handler.go:92.17,97.4 4 1
github.com/harsh-jagtap-josh/RozgarLink/internal/app/employer/handler.go:99.3,100.17 2 1
github.com/harsh-jagtap-josh/RozgarLink/internal/app/employer/handler.go:100.17,101.55 1 1
github.com/harsh-jagtap-josh/RozgarLink/internal/app/employer/handler.go:101.55,106.5 4 1
github.com/harsh-jagtap-josh/RozgarLink/internal/app/employer/handler.go:108.4,108.58 1 1
github.com/harsh-jagtap-josh/RozgarLink/internal/app/employer/handler.go:108.58,113.5 4 1
github.com/harsh-jagtap-josh/RozgarLink/internal/app/employer/handler.go:115.4,118.10 4 1
github.com/harsh-jagtap-josh/RozgarLink/internal/app/employer/handler.go:121.3,121.114 1 1
github.com/harsh-jagtap-josh/RozgarLink/internal/app/employer/handler.go:125.91,126.54 1 1
github.com/harsh-jagtap-josh/RozgarLink/internal/app/employer/handler.go:126.54,131.23 3 1
github.com/harsh-jagtap-josh/RozgarLink/internal/app/employer/handler.go:131.23,133.4 1 1
github.com/harsh-jagtap-josh/RozgarLink/internal/app/employer/handler.go:135.3,136.17 2 1
github.com/harsh-jagtap-josh/RozgarLink/internal/app/employer/handler.go:136.17,137.53 1 1
github.com/harsh-jagtap-josh/RozgarLink/internal/app/employer/handler.go:137.53,142.5 4 1
github.com/harsh-jagtap-josh/RozgarLink/internal/app/employer/handler.go:144.4,147.10 4 1
github.com/harsh-jagtap-josh/RozgarLink/internal/app/employer/handler.go:150.3,150.38 1 1
github.com/harsh-jagtap-josh/RozgarLink/internal/app/employer/handler.go:154.85,155.54 1 1
github.com/harsh-jagtap-josh/RozgarLink/internal/app/employer/handler.go:155.54,160.23 3 1
github.com/harsh-jagtap-josh/RozgarLink/internal/app/employer/handler.go:160.23,162.4 1 1
github.com/harsh-jagtap-josh/RozgarLink/internal/app/employer/handler.go:164.3,165.17 2 1
github.com/harsh-jagtap-josh/RozgarLink/internal/app/employer/handler.go:165.17,166.53 1 1
github.com/harsh-jagtap-josh/RozgarLink/internal/app/employer/handler.go:166.53,170.5 3 1
github.com/harsh-jagtap-josh/RozgarLink/internal/app/employer/handler.go:172.4,174.10 3 1
github.com/harsh-jagtap-josh/RozgarLink/internal/app/employer/handler.go:177.3,177.93 1 1
github.com/harsh-jagtap-josh/RozgarLink/internal/app/employer/handler.go:181.114,186.16 4 1
github.com/harsh-jagtap-josh/RozgarLink/internal/app/employer/handler.go:186.16,191.3 4 1
github.com/harsh-jagtap-josh/RozgarLink/internal/app/employer/handler.go:192.2,192.23 1 1
github.com/harsh-jagtap-josh/RozgarLink/internal/app/employer/handler.go:195.83,196.54 1 1
github.com/harsh-jagtap-josh/RozgarLink/internal/app/employer/handler.go:196.54,200.17 3 1
github.com/harsh-jagtap-josh/RozgarLink/internal/app/employer/handler.go:200.17,203.4 2 1
github.com/harsh-jagtap-josh/RozgarLink/internal/app/employer/handler.go:205.3,205.108 1 1
github.com/harsh-jagtap-josh/RozgarLink/internal/app/employer/helper.go:5.62,28.2 1 1
github.com/harsh-jagtap-josh/RozgarLink/internal/app/employer/helper.go:30.62,52.2 1 1
github.com/harsh-jagtap-josh/RozgarLink/internal/app/employer/service.go:26.59,30.2 1 1
github.com/harsh-jagtap-josh/RozgarLink/internal/app/employer/service.go:32.95,35.16 2 1
github.com/harsh-jagtap-josh/RozgarLink/internal/app/employer/service.go:35.16,37.3 1 1
github.com/harsh-jagtap-josh/RozgarLink/internal/app/employer/service.go:39.2,41.22 2 1
github.com/harsh-jagtap-josh/RozgarLink/internal/app/employer/service.go:44.103,49.16 3 1
github.com/harsh-jagtap-josh/RozgarLink/internal/app/employer/service.go:49.16,51.3 1 1
github.com/harsh-jagtap-josh/RozgarLink/internal/app/employer/service.go:53.2,56.16 3 1
github.com/harsh-jagtap-josh/RozgarLink/internal/app/employer/service.go:56.16,58.3 1 1
github.com/harsh-jagtap-josh/RozgarLink/internal/app/employer/service.go:60.2,62.29 2 1
github.com/harsh-jagtap-josh/RozgarLink/internal/app/employer/service.go:65.101,69.16 2 1
github.com/harsh-jagtap-josh/RozgarLink/internal/app/employer/service.go:69.16,71.3 1 1
github.com/harsh-jagtap-josh/RozgarLink/internal/app/employer/service.go:74.2,75.19 2 1
github.com/harsh-jagtap-josh/RozgarLink/internal/app/employer/service.go:75.19,77.3 1 1
github.com/harsh-jagtap-josh/RozgarLink/internal/app/employer/service.go:80.2,81.16 2 0
github.com/harsh-jagtap-josh/RozgarLink/internal/app/employer/service.go:81.16,83.3 1 0
github.com/harsh-jagtap-josh/RozgarLink/internal/app/employer/service.go:84.2,89.16 4 0
github.com/harsh-jagtap-josh/RozgarLink/internal/app/employer/service.go:89.16,91.3 1 0
github.com/harsh-jagtap-josh/RozgarLink/internal/app/employer/service.go:93.2,94.25 2 0
github.com/harsh-jagtap-josh/RozgarLink/internal/app/employer/service.go:97.91,99.13 2 1
github.com/harsh-jagtap-josh/RozgarLink/internal/app/employer/service.go:99.13,101.3 1 1
github.com/harsh-jagtap-josh/RozgarLink/internal/app/employer/service.go:103.2,104.16 2 1
github.com/harsh-jagtap-josh/RozgarLink/internal/app/employer/service.go:104.16,106.3 1 1
github.com/harsh-jagtap-josh/RozgarLink/internal/app/employer/service.go:108.2,108.16 1 1
github.com/harsh-jagtap-josh/RozgarLink/internal/app/employer/service.go:111.98,113.13 2 1
github.com/harsh-jagtap-josh/RozgarLink/internal/app/employer/service.go:113.13,115.3 1 1
github.com/harsh-jagtap-josh/RozgarLink/internal/app/employer/service.go:116.2,117.16 2 1
github.com/harsh-jagtap-josh/RozgarLink/internal/app/employer/service.go:117.16,119.3 1 1
github.com/harsh-jagtap-josh/RozgarLink/internal/app/employer/service.go:120.2,121.30 2 1
github.com/harsh-jagtap-josh/RozgarLink/internal/app/employer/service.go:121.30,123.3 1 1
github.com/harsh-jagtap-josh/RozgarLink/internal/app/employer/service.go:124.2,124.24 1 1
github.com/harsh-jagtap-josh/RozgarLink/internal/app/employer/service.go:127.79,129.16 2 1
github.com/harsh-jagtap-josh/RozgarLink/internal/app/employer/service.go:129.16,131.3 1 1
github.com/harsh-jagtap-josh/RozgarLink/internal/app/employer/service.go:133.2,134.32 2 1
github.com/harsh-jagtap-josh/RozgarLink/internal/app/employer/service.go:134.32,136.3 1 1
github.com/harsh-jagtap-josh/RozgarLink/internal/app/employer/service.go:138.2,138.30 1 1
