mode: set
github.com/harsh-jagtap-josh/RozgarLink/internal/pkg/utils/bcrypt.go:11.52,14.16 2 0
github.com/harsh-jagtap-josh/RozgarLink/internal/pkg/utils/bcrypt.go:14.16,16.3 1 0
github.com/harsh-jagtap-josh/RozgarLink/internal/pkg/utils/bcrypt.go:18.2,20.16 3 0
github.com/harsh-jagtap-josh/RozgarLink/internal/pkg/utils/bcrypt.go:20.16,22.3 1 0
github.com/harsh-jagtap-josh/RozgarLink/internal/pkg/utils/bcrypt.go:23.2,24.27 2 0
github.com/harsh-jagtap-josh/RozgarLink/internal/pkg/utils/bcrypt.go:27.52,30.2 2 0
github.com/harsh-jagtap-josh/RozgarLink/internal/pkg/utils/userValidation.go:9.48,12.14 3 1
github.com/harsh-jagtap-josh/RozgarLink/internal/pkg/utils/userValidation.go:12.14,14.3 1 1
github.com/harsh-jagtap-josh/RozgarLink/internal/pkg/utils/userValidation.go:15.2,15.12 1 1
github.com/harsh-jagtap-josh/RozgarLink/internal/pkg/utils/userValidation.go:19.40,22.14 3 1
github.com/harsh-jagtap-josh/RozgarLink/internal/pkg/utils/userValidation.go:22.14,24.3 1 1
github.com/harsh-jagtap-josh/RozgarLink/internal/pkg/utils/userValidation.go:25.2,25.12 1 1
github.com/harsh-jagtap-josh/RozgarLink/internal/pkg/utils/userValidation.go:29.38,32.14 3 1
github.com/harsh-jagtap-josh/RozgarLink/internal/pkg/utils/userValidation.go:32.14,34.3 1 1
github.com/harsh-jagtap-josh/RozgarLink/internal/pkg/utils/userValidation.go:35.2,35.12 1 1
github.com/harsh-jagtap-josh/RozgarLink/internal/pkg/utils/userValidation.go:39.46,40.23 1 1
github.com/harsh-jagtap-josh/RozgarLink/internal/pkg/utils/userValidation.go:40.23,42.3 1 1
github.com/harsh-jagtap-josh/RozgarLink/internal/pkg/utils/userValidation.go:43.2,43.12 1 1
github.com/harsh-jagtap-josh/RozgarLink/internal/pkg/utils/userValidation.go:47.63,48.43 1 1
github.com/harsh-jagtap-josh/RozgarLink/internal/pkg/utils/userValidation.go:48.43,50.3 1 1
github.com/harsh-jagtap-josh/RozgarLink/internal/pkg/utils/userValidation.go:51.2,51.53 1 1
github.com/harsh-jagtap-josh/RozgarLink/internal/pkg/utils/userValidation.go:51.53,53.3 1 1
github.com/harsh-jagtap-josh/RozgarLink/internal/pkg/utils/userValidation.go:54.2,54.45 1 1
github.com/harsh-jagtap-josh/RozgarLink/internal/pkg/utils/userValidation.go:54.45,56.3 1 1
github.com/harsh-jagtap-josh/RozgarLink/internal/pkg/utils/userValidation.go:57.2,57.51 1 1
github.com/harsh-jagtap-josh/RozgarLink/internal/pkg/utils/userValidation.go:57.51,59.3 1 1
github.com/harsh-jagtap-josh/RozgarLink/internal/pkg/utils/userValidation.go:60.2,60.12 1 1
github.com/harsh-jagtap-josh/RozgarLink/internal/pkg/utils/userValidation.go:63.59,64.43 1 1
github.com/harsh-jagtap-josh/RozgarLink/internal/pkg/utils/userValidation.go:64.43,66.3 1 1
github.com/harsh-jagtap-josh/RozgarLink/internal/pkg/utils/userValidation.go:67.2,67.53 1 1
github.com/harsh-jagtap-josh/RozgarLink/internal/pkg/utils/userValidation.go:67.53,69.3 1 1
github.com/harsh-jagtap-josh/RozgarLink/internal/pkg/utils/userValidation.go:70.2,70.45 1 1
github.com/harsh-jagtap-josh/RozgarLink/internal/pkg/utils/userValidation.go:70.45,72.3 1 1
github.com/harsh-jagtap-josh/RozgarLink/internal/pkg/utils/userValidation.go:73.2,73.12 1 1
