mode: set
github.com/harsh-jagtap-josh/RozgarLink/internal/app/sector/handler.go:17.87,18.54 1 0
github.com/harsh-jagtap-josh/RozgarLink/internal/app/sector/handler.go:18.54,23.17 4 0
github.com/harsh-jagtap-josh/RozgarLink/internal/app/sector/handler.go:23.17,27.4 3 0
github.com/harsh-jagtap-josh/RozgarLink/internal/app/sector/handler.go:29.3,30.17 2 0
github.com/harsh-jagtap-josh/RozgarLink/internal/app/sector/handler.go:30.17,34.4 3 0
github.com/harsh-jagtap-josh/RozgarLink/internal/app/sector/handler.go:36.3,36.113 1 0
github.com/harsh-jagtap-josh/RozgarLink/internal/app/sector/handler.go:40.90,41.54 1 0
github.com/harsh-jagtap-josh/RozgarLink/internal/app/sector/handler.go:41.54,45.21 3 0
github.com/harsh-jagtap-josh/RozgarLink/internal/app/sector/handler.go:45.21,47.4 1 0
github.com/harsh-jagtap-josh/RozgarLink/internal/app/sector/handler.go:49.3,50.17 2 0
github.com/harsh-jagtap-josh/RozgarLink/internal/app/sector/handler.go:50.17,51.51 1 0
github.com/harsh-jagtap-josh/RozgarLink/internal/app/sector/handler.go:51.51,55.5 3 0
github.com/harsh-jagtap-josh/RozgarLink/internal/app/sector/handler.go:57.4,59.10 3 0
github.com/harsh-jagtap-josh/RozgarLink/internal/app/sector/handler.go:62.3,62.101 1 0
github.com/harsh-jagtap-josh/RozgarLink/internal/app/sector/handler.go:66.91,67.54 1 0
github.com/harsh-jagtap-josh/RozgarLink/internal/app/sector/handler.go:67.54,70.21 3 0
github.com/harsh-jagtap-josh/RozgarLink/internal/app/sector/handler.go:70.21,72.4 1 0
github.com/harsh-jagtap-josh/RozgarLink/internal/app/sector/handler.go:74.3,76.17 3 0
github.com/harsh-jagtap-josh/RozgarLink/internal/app/sector/handler.go:76.17,80.4 3 0
github.com/harsh-jagtap-josh/RozgarLink/internal/app/sector/handler.go:82.3,84.17 3 0
github.com/harsh-jagtap-josh/RozgarLink/internal/app/sector/handler.go:84.17,88.4 3 0
github.com/harsh-jagtap-josh/RozgarLink/internal/app/sector/handler.go:90.3,90.107 1 0
github.com/harsh-jagtap-josh/RozgarLink/internal/app/sector/handler.go:94.91,95.54 1 0
github.com/harsh-jagtap-josh/RozgarLink/internal/app/sector/handler.go:95.54,98.21 3 0
github.com/harsh-jagtap-josh/RozgarLink/internal/app/sector/handler.go:98.21,100.4 1 0
github.com/harsh-jagtap-josh/RozgarLink/internal/app/sector/handler.go:102.3,103.17 2 0
github.com/harsh-jagtap-josh/RozgarLink/internal/app/sector/handler.go:103.17,104.51 1 0
github.com/harsh-jagtap-josh/RozgarLink/internal/app/sector/handler.go:104.51,108.5 3 0
github.com/harsh-jagtap-josh/RozgarLink/internal/app/sector/handler.go:110.4,112.10 3 0
github.com/harsh-jagtap-josh/RozgarLink/internal/app/sector/handler.go:114.3,114.38 1 0
github.com/harsh-jagtap-josh/RozgarLink/internal/app/sector/handler.go:118.90,119.54 1 0
github.com/harsh-jagtap-josh/RozgarLink/internal/app/sector/handler.go:119.54,122.17 3 0
github.com/harsh-jagtap-josh/RozgarLink/internal/app/sector/handler.go:122.17,126.4 3 0
github.com/harsh-jagtap-josh/RozgarLink/internal/app/sector/handler.go:127.3,127.103 1 0
github.com/harsh-jagtap-josh/RozgarLink/internal/app/sector/handler.go:131.112,135.16 4 0
github.com/harsh-jagtap-josh/RozgarLink/internal/app/sector/handler.go:135.16,140.3 4 0
github.com/harsh-jagtap-josh/RozgarLink/internal/app/sector/handler.go:141.2,141.21 1 0
github.com/harsh-jagtap-josh/RozgarLink/internal/app/sector/helper.go:5.56,11.2 1 1
github.com/harsh-jagtap-josh/RozgarLink/internal/app/sector/helper.go:13.56,19.2 1 1
github.com/harsh-jagtap-josh/RozgarLink/internal/app/sector/service.go:21.56,25.2 1 1
github.com/harsh-jagtap-josh/RozgarLink/internal/app/sector/service.go:27.103,31.16 3 1
github.com/harsh-jagtap-josh/RozgarLink/internal/app/sector/service.go:31.16,33.3 1 1
github.com/harsh-jagtap-josh/RozgarLink/internal/app/sector/service.go:35.2,37.20 2 1
github.com/harsh-jagtap-josh/RozgarLink/internal/app/sector/service.go:40.98,43.16 2 1
github.com/harsh-jagtap-josh/RozgarLink/internal/app/sector/service.go:43.16,45.3 1 1
github.com/harsh-jagtap-josh/RozgarLink/internal/app/sector/service.go:47.2,48.27 2 1
github.com/harsh-jagtap-josh/RozgarLink/internal/app/sector/service.go:51.104,55.16 3 1
github.com/harsh-jagtap-josh/RozgarLink/internal/app/sector/service.go:55.16,57.3 1 1
github.com/harsh-jagtap-josh/RozgarLink/internal/app/sector/service.go:59.2,61.20 2 1
github.com/harsh-jagtap-josh/RozgarLink/internal/app/sector/service.go:64.96,66.16 2 1
github.com/harsh-jagtap-josh/RozgarLink/internal/app/sector/service.go:66.16,68.3 1 1
github.com/harsh-jagtap-josh/RozgarLink/internal/app/sector/service.go:69.2,69.16 1 1
github.com/harsh-jagtap-josh/RozgarLink/internal/app/sector/service.go:72.86,76.16 3 1
github.com/harsh-jagtap-josh/RozgarLink/internal/app/sector/service.go:76.16,78.3 1 1
github.com/harsh-jagtap-josh/RozgarLink/internal/app/sector/service.go:80.2,80.34 1 1
github.com/harsh-jagtap-josh/RozgarLink/internal/app/sector/service.go:80.34,82.3 1 1
github.com/harsh-jagtap-josh/RozgarLink/internal/app/sector/service.go:84.2,84.21 1 1
