mode: set
github.com/harsh-jagtap-josh/RozgarLink/internal/app/job/handler.go:17.73,18.54 1 1
github.com/harsh-jagtap-josh/RozgarLink/internal/app/job/handler.go:18.54,24.17 4 1
github.com/harsh-jagtap-josh/RozgarLink/internal/app/job/handler.go:24.17,28.4 3 1
github.com/harsh-jagtap-josh/RozgarLink/internal/app/job/handler.go:30.3,31.17 2 1
github.com/harsh-jagtap-josh/RozgarLink/internal/app/job/handler.go:31.17,35.4 3 1
github.com/harsh-jagtap-josh/RozgarLink/internal/app/job/handler.go:37.3,37.106 1 1
github.com/harsh-jagtap-josh/RozgarLink/internal/app/job/handler.go:41.77,42.54 1 1
github.com/harsh-jagtap-josh/RozgarLink/internal/app/job/handler.go:42.54,45.18 3 1
github.com/harsh-jagtap-josh/RozgarLink/internal/app/job/handler.go:45.18,47.4 1 1
github.com/harsh-jagtap-josh/RozgarLink/internal/app/job/handler.go:49.3,52.17 3 1
github.com/harsh-jagtap-josh/RozgarLink/internal/app/job/handler.go:52.17,56.4 3 1
github.com/harsh-jagtap-josh/RozgarLink/internal/app/job/handler.go:58.3,59.17 2 1
github.com/harsh-jagtap-josh/RozgarLink/internal/app/job/handler.go:59.17,63.4 3 1
github.com/harsh-jagtap-josh/RozgarLink/internal/app/job/handler.go:65.3,65.106 1 1
github.com/harsh-jagtap-josh/RozgarLink/internal/app/job/handler.go:69.76,70.54 1 1
github.com/harsh-jagtap-josh/RozgarLink/internal/app/job/handler.go:70.54,74.18 3 1
github.com/harsh-jagtap-josh/RozgarLink/internal/app/job/handler.go:74.18,76.4 1 1
github.com/harsh-jagtap-josh/RozgarLink/internal/app/job/handler.go:78.3,79.17 2 1
github.com/harsh-jagtap-josh/RozgarLink/internal/app/job/handler.go:79.17,80.48 1 1
github.com/harsh-jagtap-josh/RozgarLink/internal/app/job/handler.go:80.48,85.5 4 1
github.com/harsh-jagtap-josh/RozgarLink/internal/app/job/handler.go:87.4,90.10 4 1
github.com/harsh-jagtap-josh/RozgarLink/internal/app/job/handler.go:93.3,93.101 1 1
github.com/harsh-jagtap-josh/RozgarLink/internal/app/job/handler.go:97.77,98.54 1 1
github.com/harsh-jagtap-josh/RozgarLink/internal/app/job/handler.go:98.54,102.18 3 1
github.com/harsh-jagtap-josh/RozgarLink/internal/app/job/handler.go:102.18,104.4 1 1
github.com/harsh-jagtap-josh/RozgarLink/internal/app/job/handler.go:106.3,107.17 2 1
github.com/harsh-jagtap-josh/RozgarLink/internal/app/job/handler.go:107.17,108.48 1 1
github.com/harsh-jagtap-josh/RozgarLink/internal/app/job/handler.go:108.48,113.5 4 1
github.com/harsh-jagtap-josh/RozgarLink/internal/app/job/handler.go:114.4,116.10 3 1
github.com/harsh-jagtap-josh/RozgarLink/internal/app/job/handler.go:119.3,119.38 1 1
github.com/harsh-jagtap-josh/RozgarLink/internal/app/job/handler.go:123.88,124.54 1 1
github.com/harsh-jagtap-josh/RozgarLink/internal/app/job/handler.go:124.54,128.18 3 1
github.com/harsh-jagtap-josh/RozgarLink/internal/app/job/handler.go:128.18,130.4 1 1
github.com/harsh-jagtap-josh/RozgarLink/internal/app/job/handler.go:132.3,133.17 2 1
github.com/harsh-jagtap-josh/RozgarLink/internal/app/job/handler.go:133.17,134.48 1 1
github.com/harsh-jagtap-josh/RozgarLink/internal/app/job/handler.go:134.48,139.5 4 1
github.com/harsh-jagtap-josh/RozgarLink/internal/app/job/handler.go:141.4,143.10 3 1
github.com/harsh-jagtap-josh/RozgarLink/internal/app/job/handler.go:146.3,146.115 1 1
github.com/harsh-jagtap-josh/RozgarLink/internal/app/job/handler.go:150.84,151.54 1 1
github.com/harsh-jagtap-josh/RozgarLink/internal/app/job/handler.go:151.54,158.17 5 1
github.com/harsh-jagtap-josh/RozgarLink/internal/app/job/handler.go:158.17,162.4 3 1
github.com/harsh-jagtap-josh/RozgarLink/internal/app/job/handler.go:164.3,164.95 1 1
github.com/harsh-jagtap-josh/RozgarLink/internal/app/job/handler.go:168.109,172.16 4 1
github.com/harsh-jagtap-josh/RozgarLink/internal/app/job/handler.go:172.16,177.3 4 1
github.com/harsh-jagtap-josh/RozgarLink/internal/app/job/handler.go:178.2,178.18 1 1
github.com/harsh-jagtap-josh/RozgarLink/internal/app/job/helper.go:12.50,38.2 1 1
github.com/harsh-jagtap-josh/RozgarLink/internal/app/job/helper.go:40.50,64.2 1 1
github.com/harsh-jagtap-josh/RozgarLink/internal/app/job/helper.go:66.61,78.17 10 1
github.com/harsh-jagtap-josh/RozgarLink/internal/app/job/helper.go:78.17,80.3 1 1
github.com/harsh-jagtap-josh/RozgarLink/internal/app/job/helper.go:82.2,82.18 1 1
github.com/harsh-jagtap-josh/RozgarLink/internal/app/job/helper.go:82.18,84.3 1 1
github.com/harsh-jagtap-josh/RozgarLink/internal/app/job/helper.go:86.2,86.19 1 1
github.com/harsh-jagtap-josh/RozgarLink/internal/app/job/helper.go:86.19,87.52 1 1
github.com/harsh-jagtap-josh/RozgarLink/internal/app/job/helper.go:87.52,89.4 1 1
github.com/harsh-jagtap-josh/RozgarLink/internal/app/job/helper.go:92.2,92.19 1 1
github.com/harsh-jagtap-josh/RozgarLink/internal/app/job/helper.go:92.19,93.52 1 1
github.com/harsh-jagtap-josh/RozgarLink/internal/app/job/helper.go:93.52,95.4 1 1
github.com/harsh-jagtap-josh/RozgarLink/internal/app/job/helper.go:98.2,98.21 1 1
github.com/harsh-jagtap-josh/RozgarLink/internal/app/job/helper.go:98.21,99.69 1 1
github.com/harsh-jagtap-josh/RozgarLink/internal/app/job/helper.go:99.69,101.4 1 1
github.com/harsh-jagtap-josh/RozgarLink/internal/app/job/helper.go:104.2,104.19 1 1
github.com/harsh-jagtap-josh/RozgarLink/internal/app/job/helper.go:104.19,105.67 1 1
github.com/harsh-jagtap-josh/RozgarLink/internal/app/job/helper.go:105.67,107.4 1 1
github.com/harsh-jagtap-josh/RozgarLink/internal/app/job/helper.go:110.2,110.16 1 1
github.com/harsh-jagtap-josh/RozgarLink/internal/app/job/helper.go:110.16,112.3 1 1
github.com/harsh-jagtap-josh/RozgarLink/internal/app/job/helper.go:113.2,113.18 1 1
github.com/harsh-jagtap-josh/RozgarLink/internal/app/job/helper.go:113.18,115.3 1 1
github.com/harsh-jagtap-josh/RozgarLink/internal/app/job/helper.go:117.2,117.19 1 1
github.com/harsh-jagtap-josh/RozgarLink/internal/app/job/service.go:24.49,28.2 1 1
github.com/harsh-jagtap-josh/RozgarLink/internal/app/job/service.go:30.80,33.16 3 1
github.com/harsh-jagtap-josh/RozgarLink/internal/app/job/service.go:33.16,35.3 1 1
github.com/harsh-jagtap-josh/RozgarLink/internal/app/job/service.go:36.2,37.24 2 1
github.com/harsh-jagtap-josh/RozgarLink/internal/app/job/service.go:40.84,45.16 3 1
github.com/harsh-jagtap-josh/RozgarLink/internal/app/job/service.go:45.16,47.3 1 1
github.com/harsh-jagtap-josh/RozgarLink/internal/app/job/service.go:49.2,51.24 2 1
github.com/harsh-jagtap-josh/RozgarLink/internal/app/job/service.go:54.81,56.16 2 1
github.com/harsh-jagtap-josh/RozgarLink/internal/app/job/service.go:56.16,58.3 1 1
github.com/harsh-jagtap-josh/RozgarLink/internal/app/job/service.go:60.2,61.24 2 1
github.com/harsh-jagtap-josh/RozgarLink/internal/app/job/service.go:64.82,66.13 2 1
github.com/harsh-jagtap-josh/RozgarLink/internal/app/job/service.go:66.13,68.3 1 1
github.com/harsh-jagtap-josh/RozgarLink/internal/app/job/service.go:70.2,71.16 2 1
github.com/harsh-jagtap-josh/RozgarLink/internal/app/job/service.go:71.16,73.3 1 1
github.com/harsh-jagtap-josh/RozgarLink/internal/app/job/service.go:74.2,74.16 1 1
github.com/harsh-jagtap-josh/RozgarLink/internal/app/job/service.go:77.126,79.13 2 1
github.com/harsh-jagtap-josh/RozgarLink/internal/app/job/service.go:79.13,81.3 1 1
github.com/harsh-jagtap-josh/RozgarLink/internal/app/job/service.go:83.2,84.16 2 1
github.com/harsh-jagtap-josh/RozgarLink/internal/app/job/service.go:84.16,86.3 1 1
github.com/harsh-jagtap-josh/RozgarLink/internal/app/job/service.go:88.2,89.36 2 1
github.com/harsh-jagtap-josh/RozgarLink/internal/app/job/service.go:89.36,91.3 1 1
github.com/harsh-jagtap-josh/RozgarLink/internal/app/job/service.go:92.2,92.32 1 1
github.com/harsh-jagtap-josh/RozgarLink/internal/app/job/service.go:95.92,99.16 2 1
github.com/harsh-jagtap-josh/RozgarLink/internal/app/job/service.go:99.16,101.3 1 1
github.com/harsh-jagtap-josh/RozgarLink/internal/app/job/service.go:102.2,103.27 2 1
github.com/harsh-jagtap-josh/RozgarLink/internal/app/job/service.go:103.27,105.3 1 1
github.com/harsh-jagtap-josh/RozgarLink/internal/app/job/service.go:107.2,107.25 1 1
