mode: set
github.com/harsh-jagtap-josh/RozgarLink/internal/app/application/handler.go:17.92,18.54 1 0
github.com/harsh-jagtap-josh/RozgarLink/internal/app/application/handler.go:18.54,24.17 4 0
github.com/harsh-jagtap-josh/RozgarLink/internal/app/application/handler.go:24.17,28.4 3 0
github.com/harsh-jagtap-josh/RozgarLink/internal/app/application/handler.go:30.3,31.17 2 0
github.com/harsh-jagtap-josh/RozgarLink/internal/app/application/handler.go:31.17,35.4 3 0
github.com/harsh-jagtap-josh/RozgarLink/internal/app/application/handler.go:37.3,37.116 1 0
github.com/harsh-jagtap-josh/RozgarLink/internal/app/application/handler.go:41.93,42.54 1 0
github.com/harsh-jagtap-josh/RozgarLink/internal/app/application/handler.go:42.54,45.26 3 0
github.com/harsh-jagtap-josh/RozgarLink/internal/app/application/handler.go:45.26,47.4 1 0
github.com/harsh-jagtap-josh/RozgarLink/internal/app/application/handler.go:49.3,51.17 3 0
github.com/harsh-jagtap-josh/RozgarLink/internal/app/application/handler.go:51.17,55.4 3 0
github.com/harsh-jagtap-josh/RozgarLink/internal/app/application/handler.go:57.3,58.17 2 0
github.com/harsh-jagtap-josh/RozgarLink/internal/app/application/handler.go:58.17,62.4 3 0
github.com/harsh-jagtap-josh/RozgarLink/internal/app/application/handler.go:63.3,63.122 1 0
github.com/harsh-jagtap-josh/RozgarLink/internal/app/application/handler.go:67.92,68.54 1 0
github.com/harsh-jagtap-josh/RozgarLink/internal/app/application/handler.go:68.54,71.26 3 0
github.com/harsh-jagtap-josh/RozgarLink/internal/app/application/handler.go:71.26,73.4 1 0
github.com/harsh-jagtap-josh/RozgarLink/internal/app/application/handler.go:74.3,75.17 2 0
github.com/harsh-jagtap-josh/RozgarLink/internal/app/application/handler.go:75.17,76.56 1 0
github.com/harsh-jagtap-josh/RozgarLink/internal/app/application/handler.go:76.56,81.5 4 0
github.com/harsh-jagtap-josh/RozgarLink/internal/app/application/handler.go:83.4,85.10 3 0
github.com/harsh-jagtap-josh/RozgarLink/internal/app/application/handler.go:88.3,88.118 1 0
github.com/harsh-jagtap-josh/RozgarLink/internal/app/application/handler.go:92.93,93.54 1 0
github.com/harsh-jagtap-josh/RozgarLink/internal/app/application/handler.go:93.54,97.26 3 0
github.com/harsh-jagtap-josh/RozgarLink/internal/app/application/handler.go:97.26,99.4 1 0
github.com/harsh-jagtap-josh/RozgarLink/internal/app/application/handler.go:101.3,102.17 2 0
github.com/harsh-jagtap-josh/RozgarLink/internal/app/application/handler.go:102.17,103.56 1 0
github.com/harsh-jagtap-josh/RozgarLink/internal/app/application/handler.go:103.56,107.5 3 0
github.com/harsh-jagtap-josh/RozgarLink/internal/app/application/handler.go:109.4,111.10 3 0
github.com/harsh-jagtap-josh/RozgarLink/internal/app/application/handler.go:113.3,113.38 1 0
github.com/harsh-jagtap-josh/RozgarLink/internal/app/application/handler.go:117.92,118.54 1 0
github.com/harsh-jagtap-josh/RozgarLink/internal/app/application/handler.go:118.54,122.17 3 0
github.com/harsh-jagtap-josh/RozgarLink/internal/app/application/handler.go:122.17,125.4 2 0
github.com/harsh-jagtap-josh/RozgarLink/internal/app/application/handler.go:127.3,127.111 1 0
github.com/harsh-jagtap-josh/RozgarLink/internal/app/application/handler.go:131.117,135.16 4 0
github.com/harsh-jagtap-josh/RozgarLink/internal/app/application/handler.go:135.16,140.3 4 0
github.com/harsh-jagtap-josh/RozgarLink/internal/app/application/handler.go:141.2,141.26 1 0
github.com/harsh-jagtap-josh/RozgarLink/internal/app/application/helper.go:7.76,25.2 1 1
github.com/harsh-jagtap-josh/RozgarLink/internal/app/application/helper.go:27.76,47.2 1 1
github.com/harsh-jagtap-josh/RozgarLink/internal/app/application/helper.go:49.89,78.2 1 1
github.com/harsh-jagtap-josh/RozgarLink/internal/app/application/helper.go:80.98,109.2 1 0
github.com/harsh-jagtap-josh/RozgarLink/internal/app/application/service.go:25.65,29.2 1 1
github.com/harsh-jagtap-josh/RozgarLink/internal/app/application/service.go:31.125,37.16 4 1
github.com/harsh-jagtap-josh/RozgarLink/internal/app/application/service.go:37.16,39.3 1 1
github.com/harsh-jagtap-josh/RozgarLink/internal/app/application/service.go:41.2,43.31 2 1
github.com/harsh-jagtap-josh/RozgarLink/internal/app/application/service.go:46.126,50.16 3 1
github.com/harsh-jagtap-josh/RozgarLink/internal/app/application/service.go:50.16,52.3 1 1
github.com/harsh-jagtap-josh/RozgarLink/internal/app/application/service.go:54.2,56.32 2 1
github.com/harsh-jagtap-josh/RozgarLink/internal/app/application/service.go:59.115,61.16 2 1
github.com/harsh-jagtap-josh/RozgarLink/internal/app/application/service.go:61.16,62.36 1 1
github.com/harsh-jagtap-josh/RozgarLink/internal/app/application/service.go:62.36,64.4 1 1
github.com/harsh-jagtap-josh/RozgarLink/internal/app/application/service.go:65.3,65.28 1 1
github.com/harsh-jagtap-josh/RozgarLink/internal/app/application/service.go:68.2,69.32 2 1
github.com/harsh-jagtap-josh/RozgarLink/internal/app/application/service.go:72.108,74.13 2 1
github.com/harsh-jagtap-josh/RozgarLink/internal/app/application/service.go:74.13,76.3 1 1
github.com/harsh-jagtap-josh/RozgarLink/internal/app/application/service.go:78.2,79.16 2 1
github.com/harsh-jagtap-josh/RozgarLink/internal/app/application/service.go:79.16,81.3 1 1
github.com/harsh-jagtap-josh/RozgarLink/internal/app/application/service.go:82.2,82.16 1 1
github.com/harsh-jagtap-josh/RozgarLink/internal/app/application/service.go:85.106,87.16 2 1
github.com/harsh-jagtap-josh/RozgarLink/internal/app/application/service.go:87.16,89.3 1 1
github.com/harsh-jagtap-josh/RozgarLink/internal/app/application/service.go:91.2,92.36 2 1
github.com/harsh-jagtap-josh/RozgarLink/internal/app/application/service.go:92.36,94.3 1 1
github.com/harsh-jagtap-josh/RozgarLink/internal/app/application/service.go:96.2,96.33 1 1
